<?xml version="1.0" encoding="UTF-8"?>
<!-- Generated by org.testng.reporters.JUnitXMLReporter -->
<testsuite hostname="LAPTOP-45UKUK31" ignored="0" name="Web Tests" tests="9" failures="0" timestamp="2022-07-14T01:06:17 IDT" time="58.072" errors="0">
  <testcase name="Test01_VerifyHeader" time="1.5" classname="sanity.GrafanaWeb"/>
  <testcase name="Test02_VerifyDefaultUsers" time="0.62" classname="sanity.GrafanaWeb"/>
  <testcase name="Test03_VerifyNewUser" time="1.443" classname="sanity.GrafanaWeb"/>
  <testcase name="Test04_VerifyUserDeletion" time="1.156" classname="sanity.GrafanaWeb"/>
  <testcase name="Test05_verifyBasicSteps" time="0.191" classname="sanity.GrafanaWeb"/>
  <testcase name="Test06_verifyAvatarIcon" time="0.933" classname="sanity.GrafanaWeb"/>
  <testcase name="Test07_searchUsers" time="12.866" classname="sanity.GrafanaWeb"/>
  <testcase name="Test07_searchUsers" time="3.952" classname="sanity.GrafanaWeb"/>
  <testcase name="Test07_searchUsers" time="13.998" classname="sanity.GrafanaWeb"/>
</testsuite> <!-- Web Tests -->
