<?xml version="1.0" encoding="UTF-8"?>
<testsuite xmlns:xsi="http://www.w3.org/2001/XMLSchema-instance" xsi:noNamespaceSchemaLocation="https://maven.apache.org/surefire/maven-surefire-plugin/xsd/surefire-test-report.xsd" name="TestSuite" time="59.369" tests="9" errors="0" skipped="0" failures="0">
  <properties>
[...]
</properties>
  <testcase name="Test01_VerifyHeader" classname="sanity.GrafanaWeb" time="1.579"/>
  <testcase name="Test02_VerifyDefaultUsers" classname="sanity.GrafanaWeb" time="0.703"/>
  <testcase name="Test03_VerifyNewUser" classname="sanity.GrafanaWeb" time="1.512"/>
  <testcase name="Test04_VerifyUserDeletion" classname="sanity.GrafanaWeb" time="1.217"/>
  <testcase name="Test05_verifyBasicSteps" classname="sanity.GrafanaWeb" time="0.28"/>
  <testcase name="Test06_verifyAvatarIcon" classname="sanity.GrafanaWeb" time="0.994"/>
  <testcase name="Test07_searchUsers" classname="sanity.GrafanaWeb" time="12.907"/>
  <testcase name="Test07_searchUsers" classname="sanity.GrafanaWeb" time="3.997"/>
  <testcase name="Test07_searchUsers" classname="sanity.GrafanaWeb" time="14.091"/>
</testsuite>