<?xml version="1.0" encoding="UTF-8"?>
<!-- Generated by org.testng.reporters.JUnitXMLReporter -->
<testsuite hostname="Alpha-PC" ignored="0" name="API Tests" tests="4" failures="0" timestamp="2022-06-28T21:08:33 IDT" time="5.243" errors="0">
  <testcase name="test01_verifyTeam" time="1.713" classname="sanity.GrafanaAPI"/>
  <testcase name="test02_addTeamAndVerify" time="0.132" classname="sanity.GrafanaAPI"/>
  <testcase name="test03_updateTeamAndVerify" time="0.152" classname="sanity.GrafanaAPI"/>
  <testcase name="test04_deleteTeamAndVerify" time="0.1" classname="sanity.GrafanaAPI"/>
</testsuite> <!-- API Tests -->
